test_5_20.obj : error LNK2019: 无法解析的外部符号 "void __cdecl TestSeqList(void)" (?TestSeqList@@YAXXZ)，该符号在函数 _main 中被引用
E:\代码\数据结构初级\test_5_20\Debug\顺序表.exe : fatal error LNK1120: 1 个无法解析的外部命令
